<?xml version="1.0" encoding="UTF-8"?>
<testsuite xmlns:xsi="http://www.w3.org/2001/XMLSchema-instance" xsi:noNamespaceSchemaLocation="https://maven.apache.org/surefire/maven-surefire-plugin/xsd/surefire-test-report.xsd" name="scenarios.TestRunner" time="90.187" tests="3" errors="1" skipped="0" failures="0">
  <properties>
[...]
</properties>
  <testcase name="Realiza o Login na pagina" classname="Feature que realiza o teste de Smoke" time="34.939"/>
  <testcase name="Realiza o Login na pagina" classname="Feature que realiza o teste de Smoke" time="20.967"/>
  <testcase name="Realiza o cadastro no banco de talentos" classname="Feature que realiza o teste de Smoke" time="33.911">
    <error message="Ocorreu um erro ao executar uma acao no elemento: xpath //*[@id=&apos;gender&apos;]/span&#10;element click intercepted: Element is not clickable at point (188, 651)&#10;  (Session info: chrome=90.0.4430.93)&#10;Build info: version: &apos;3.14.0&apos;, revision: &apos;aacccce0&apos;, time: &apos;2018-08-02T20:19:58.91Z&apos;&#10;System info: host: &apos;DESKTOP-4NTM1BC&apos;, ip: &apos;192.168.1.3&apos;, os.name: &apos;Windows 10&apos;, os.arch: &apos;amd64&apos;, os.version: &apos;10.0&apos;, java.version: &apos;16&apos;&#10;Driver info: org.openqa.selenium.chrome.ChromeDriver&#10;Capabilities {acceptInsecureCerts: false, browserName: chrome, browserVersion: 90.0.4430.93, chrome: {chromedriverVersion: 90.0.4430.24 (4c6d850f087da..., userDataDir: C:\Users\sankhya\AppData\Lo...}, goog:chromeOptions: {debuggerAddress: localhost:52665}, javascriptEnabled: true, networkConnectionEnabled: false, pageLoadStrategy: normal, platform: WINDOWS, platformName: WINDOWS, proxy: Proxy(), setWindowRect: true, strictFileInteractability: false, timeouts: {implicit: 0, pageLoad: 300000, script: 30000}, unhandledPromptBehavior: dismiss and notify, webauthn:extension:largeBlob: true, webauthn:virtualAuthenticators: true}&#10;Session ID: a5389d696a9f0d68c0f747121cb2f8e0" type="exceptions.ElementException">exceptions.ElementException: 
Ocorreu um erro ao executar uma acao no elemento: xpath //*[@id='gender']/span
element click intercepted: Element is not clickable at point (188, 651)
  (Session info: chrome=90.0.4430.93)
Build info: version: '3.14.0', revision: 'aacccce0', time: '2018-08-02T20:19:58.91Z'
System info: host: 'DESKTOP-4NTM1BC', ip: '192.168.1.3', os.name: 'Windows 10', os.arch: 'amd64', os.version: '10.0', java.version: '16'
Driver info: org.openqa.selenium.chrome.ChromeDriver
Capabilities {acceptInsecureCerts: false, browserName: chrome, browserVersion: 90.0.4430.93, chrome: {chromedriverVersion: 90.0.4430.24 (4c6d850f087da..., userDataDir: C:\Users\sankhya\AppData\Lo...}, goog:chromeOptions: {debuggerAddress: localhost:52665}, javascriptEnabled: true, networkConnectionEnabled: false, pageLoadStrategy: normal, platform: WINDOWS, platformName: WINDOWS, proxy: Proxy(), setWindowRect: true, strictFileInteractability: false, timeouts: {implicit: 0, pageLoad: 300000, script: 30000}, unhandledPromptBehavior: dismiss and notify, webauthn:extension:largeBlob: true, webauthn:virtualAuthenticators: true}
Session ID: a5389d696a9f0d68c0f747121cb2f8e0
</error>
    <system-out><![CDATA[
  Scenario Outline: Realiza o cadastro no banco de talentos # features/talentos/CT04SmokeTeste.feature:36
    Given Clicar no botão cadastre-se em nosso banco de talentos
    When Preencher o e-mail ou o cpf para logar no sistema "<email>"
    And Preencher senha "<senha>"
    And Clicar em Logar
    And Preencher o telefone "<telefone>""
    And Preencher o primeiro email "<email>"
    And Preencher novamente o mesmo email "<email>"
    And Preencher o nome completo "<nome>"
    And Selecionar um genero "<genero>"
    And Preencher a data de Nascimento "<nascimento>"
    And Clicar em salvar e ir para a proxima etapa

    Examples: 

  Background:                       # features/talentos/CT04SmokeTeste.feature:5
====> Caso de Teste: Realiza o cadastro no banco de talentos
Acessando urlBancoTalents
    Given Acessar "urlBancoTalents" # HomePage.acessarUrl(String)

  @smokeTest
  Scenario Outline: Realiza o cadastro no banco de talentos                        # features/talentos/CT04SmokeTeste.feature:55
    Given Clicar no botão cadastre-se em nosso banco de talentos                   # HomePage.clicarNobtnCadastreSe()
    When Preencher o e-mail ou o cpf para logar no sistema "rolland1462@uorak.com" # CadastraSeNoBancoTalentosLoginPage.preencherEmailOuCpf(String)
    And Preencher senha "fer123"                                                   # CadastraSeNoBancoTalentosLoginPage.preencherSenha(String)
    And Clicar em Logar                                                            # CadastraSeNoBancoTalentosLoginPage.clicarNoBtnLogar()
    And Preencher o telefone "34998923899""                                        # FichaDeCadastroCurriculoPage.preencherTelefone(String)
    And Preencher o primeiro email "rolland1462@uorak.com"                         # FichaDeCadastroCurriculoPage.preencherPrimeiroEmail(String)
    And Preencher novamente o mesmo email "rolland1462@uorak.com"                  # FichaDeCadastroCurriculoPage.preencherSecindEmail(String)
    And Preencher o nome completo "Fernanda Rodrigues"                             # FichaDeCadastroCurriculoPage.preencherNomeCompleto(String)
    And Selecionar um genero "Feminino"                                            # FichaDeCadastroCurriculoPage.selecionarUmGenero(String)
      exceptions.ElementException: Ocorreu um erro ao executar uma acao no elemento: xpath //*[@id='gender']/span
element click intercepted: Element is not clickable at point (188, 651)
  (Session info: chrome=90.0.4430.93)
Build info: version: '3.14.0', revision: 'aacccce0', time: '2018-08-02T20:19:58.91Z'
System info: host: 'DESKTOP-4NTM1BC', ip: '192.168.1.3', os.name: 'Windows 10', os.arch: 'amd64', os.version: '10.0', java.version: '16'
Driver info: org.openqa.selenium.chrome.ChromeDriver
Capabilities {acceptInsecureCerts: false, browserName: chrome, browserVersion: 90.0.4430.93, chrome: {chromedriverVersion: 90.0.4430.24 (4c6d850f087da..., userDataDir: C:\Users\sankhya\AppData\Lo...}, goog:chromeOptions: {debuggerAddress: localhost:52665}, javascriptEnabled: true, networkConnectionEnabled: false, pageLoadStrategy: normal, platform: WINDOWS, platformName: WINDOWS, proxy: Proxy(), setWindowRect: true, strictFileInteractability: false, timeouts: {implicit: 0, pageLoad: 300000, script: 30000}, unhandledPromptBehavior: dismiss and notify, webauthn:extension:largeBlob: true, webauthn:virtualAuthenticators: true}
Session ID: a5389d696a9f0d68c0f747121cb2f8e0
	at core.Element.click(Element.java:87)
	at pages.BasePage.clicar(BasePage.java:31)
	at pages.FichaDeCadastroCurriculoPage.selecionarUmGenero(FichaDeCadastroCurriculoPage.java:83)
	at ?.Selecionar um genero "Feminino"(features/talentos/CT04SmokeTeste.feature:45)

    And Preencher a data de Nascimento "12/05/1992"                                # FichaDeCadastroCurriculoPage.preencherNascimento(String)
    And Clicar em salvar e ir para a proxima etapa                                 # FichaDeCadastroCurriculoPage.clicarSalvar()
Erro ao gerar documento de evidências do caso Realiza o cadastro no banco de talentos
]]></system-out>
    <system-err><![CDATA[Starting ChromeDriver 90.0.4430.24 (4c6d850f087da467d926e8eddb76550aed655991-refs/branch-heads/4430@{#429}) on port 25393
Only local connections are allowed.
Please see https://chromedriver.chromium.org/security-considerations for suggestions on keeping ChromeDriver safe.
ChromeDriver was started successfully.
mai. 09, 2021 10:07:47 PM org.openqa.selenium.remote.ProtocolHandshake createSession
INFO: Detected dialect: W3C
]]></system-err>
  </testcase>
</testsuite>