<?xml version="1.0" encoding="UTF-8"?>
<testsuite xmlns:xsi="http://www.w3.org/2001/XMLSchema-instance" xsi:noNamespaceSchemaLocation="https://maven.apache.org/surefire/maven-surefire-plugin/xsd/surefire-test-report.xsd" name="scenarios.TestRunner" time="76.986" tests="1" errors="1" skipped="0" failures="0">
  <properties>
[...]
</properties>
  <testcase name="Realiza o cadastro no banco de talentos" classname="Realiza o Login na pagina" time="76.646">
    <error message="no such element: Unable to locate element: {&quot;method&quot;:&quot;xpath&quot;,&quot;selector&quot;:&quot; //button[@class=&apos;IconLauncher__BaseLauncher-asxrs3-0 IconLauncher__CircleLauncher-asxrs3-2 bFybow reagan--widget-loaded undefined&apos;]&quot;}&#10;  (Session info: chrome=90.0.4430.93)&#10;For documentation on this error, please visit: http://seleniumhq.org/exceptions/no_such_element.html&#10;Build info: version: &apos;3.14.0&apos;, revision: &apos;aacccce0&apos;, time: &apos;2018-08-02T20:19:58.91Z&apos;&#10;System info: host: &apos;DESKTOP-4NTM1BC&apos;, ip: &apos;192.168.1.3&apos;, os.name: &apos;Windows 10&apos;, os.arch: &apos;amd64&apos;, os.version: &apos;10.0&apos;, java.version: &apos;16&apos;&#10;Driver info: org.openqa.selenium.chrome.ChromeDriver&#10;Capabilities {acceptInsecureCerts: false, browserName: chrome, browserVersion: 90.0.4430.93, chrome: {chromedriverVersion: 90.0.4430.24 (4c6d850f087da..., userDataDir: C:\Users\sankhya\AppData\Lo...}, goog:chromeOptions: {debuggerAddress: localhost:49793}, javascriptEnabled: true, networkConnectionEnabled: false, pageLoadStrategy: normal, platform: WINDOWS, platformName: WINDOWS, proxy: Proxy(), setWindowRect: true, strictFileInteractability: false, timeouts: {implicit: 0, pageLoad: 300000, script: 30000}, unhandledPromptBehavior: dismiss and notify, webauthn:extension:largeBlob: true, webauthn:virtualAuthenticators: true}&#10;Session ID: 20ebf4ffc68f6c135e0ea2f9ac7a2160&#10;*** Element info: {Using=xpath, value= //button[@class=&apos;IconLauncher__BaseLauncher-asxrs3-0 IconLauncher__CircleLauncher-asxrs3-2 bFybow reagan--widget-loaded undefined&apos;]}" type="org.openqa.selenium.NoSuchElementException">org.openqa.selenium.NoSuchElementException: 
no such element: Unable to locate element: {"method":"xpath","selector":" //button[@class='IconLauncher__BaseLauncher-asxrs3-0 IconLauncher__CircleLauncher-asxrs3-2 bFybow reagan--widget-loaded undefined']"}
  (Session info: chrome=90.0.4430.93)
For documentation on this error, please visit: http://seleniumhq.org/exceptions/no_such_element.html
Build info: version: '3.14.0', revision: 'aacccce0', time: '2018-08-02T20:19:58.91Z'
System info: host: 'DESKTOP-4NTM1BC', ip: '192.168.1.3', os.name: 'Windows 10', os.arch: 'amd64', os.version: '10.0', java.version: '16'
Driver info: org.openqa.selenium.chrome.ChromeDriver
Capabilities {acceptInsecureCerts: false, browserName: chrome, browserVersion: 90.0.4430.93, chrome: {chromedriverVersion: 90.0.4430.24 (4c6d850f087da..., userDataDir: C:\Users\sankhya\AppData\Lo...}, goog:chromeOptions: {debuggerAddress: localhost:49793}, javascriptEnabled: true, networkConnectionEnabled: false, pageLoadStrategy: normal, platform: WINDOWS, platformName: WINDOWS, proxy: Proxy(), setWindowRect: true, strictFileInteractability: false, timeouts: {implicit: 0, pageLoad: 300000, script: 30000}, unhandledPromptBehavior: dismiss and notify, webauthn:extension:largeBlob: true, webauthn:virtualAuthenticators: true}
Session ID: 20ebf4ffc68f6c135e0ea2f9ac7a2160
*** Element info: {Using=xpath, value= //button[@class='IconLauncher__BaseLauncher-asxrs3-0 IconLauncher__CircleLauncher-asxrs3-2 bFybow reagan--widget-loaded undefined']}
</error>
    <system-out><![CDATA[@fichaDeCadastro
Feature: Realiza o Login na pagina

  Scenario Outline: Realiza o cadastro no banco de talentos # features/talentos/CT03FichaDeCadastroCurriculo.feature:8
    Given Clicar no botão cadastre-se em nosso banco de talentos
    When Preencher o e-mail ou o cpf para logar no sistema "<email>"
    And Preencher senha "<senha>"
    And Clicar em Logar
    And Preencher o telefone "<telefone>""
    And Preencher o primeiro email "<email>"
    And Preencher novamente o mesmo email "<email>"
    And Preencher o nome completo "<nome>"
    And Preencher a data de Nascimento "<nascimento>"
    And Clicar em salvar e ir para a proxima etapa

    Examples: 

  Background:                       # features/talentos/CT03FichaDeCadastroCurriculo.feature:5
====> Caso de Teste: Realiza o cadastro no banco de talentos
Acessando urlBancoTalents
    Given Acessar "urlBancoTalents" # HomePage.acessarUrl(String)

  @fichaDeCadastro
  Scenario Outline: Realiza o cadastro no banco de talentos                             # features/talentos/CT03FichaDeCadastroCurriculo.feature:27
    Given Clicar no botão cadastre-se em nosso banco de talentos                        # HomePage.clicarNobtnCadastreSe()
    When Preencher o e-mail ou o cpf para logar no sistema "thithiJesus50@teste.com.br" # CadastraSeNoBancoTalentosLoginPage.preencherEmailOuCpf(String)
    And Preencher senha "fer123"                                                        # CadastraSeNoBancoTalentosLoginPage.preencherSenha(String)
    And Clicar em Logar                                                                 # CadastraSeNoBancoTalentosLoginPage.clicarNoBtnLogar()
    And Preencher o telefone "34998923899""                                             # FichaDeCadastroCurriculoPage.preencherTelefone(String)
    And Preencher o primeiro email "thithiJesus50@teste.com.br"                         # FichaDeCadastroCurriculoPage.preencherPrimeiroEmail(String)
    And Preencher novamente o mesmo email "thithiJesus50@teste.com.br"                  # FichaDeCadastroCurriculoPage.preencherSecindEmail(String)
    And Preencher o nome completo "Fernanda Rodrigues"                                  # FichaDeCadastroCurriculoPage.preencherNomeCompleto(String)
    And Preencher a data de Nascimento "12/05/1992"                                     # FichaDeCadastroCurriculoPage.preencherNascimento(String)
    And Clicar em salvar e ir para a proxima etapa                                      # FichaDeCadastroCurriculoPage.clicarSalvar()
      org.openqa.selenium.NoSuchElementException: no such element: Unable to locate element: {"method":"xpath","selector":" //button[@class='IconLauncher__BaseLauncher-asxrs3-0 IconLauncher__CircleLauncher-asxrs3-2 bFybow reagan--widget-loaded undefined']"}
  (Session info: chrome=90.0.4430.93)
For documentation on this error, please visit: http://seleniumhq.org/exceptions/no_such_element.html
Build info: version: '3.14.0', revision: 'aacccce0', time: '2018-08-02T20:19:58.91Z'
System info: host: 'DESKTOP-4NTM1BC', ip: '192.168.1.3', os.name: 'Windows 10', os.arch: 'amd64', os.version: '10.0', java.version: '16'
Driver info: org.openqa.selenium.chrome.ChromeDriver
Capabilities {acceptInsecureCerts: false, browserName: chrome, browserVersion: 90.0.4430.93, chrome: {chromedriverVersion: 90.0.4430.24 (4c6d850f087da..., userDataDir: C:\Users\sankhya\AppData\Lo...}, goog:chromeOptions: {debuggerAddress: localhost:49793}, javascriptEnabled: true, networkConnectionEnabled: false, pageLoadStrategy: normal, platform: WINDOWS, platformName: WINDOWS, proxy: Proxy(), setWindowRect: true, strictFileInteractability: false, timeouts: {implicit: 0, pageLoad: 300000, script: 30000}, unhandledPromptBehavior: dismiss and notify, webauthn:extension:largeBlob: true, webauthn:virtualAuthenticators: true}
Session ID: 20ebf4ffc68f6c135e0ea2f9ac7a2160
*** Element info: {Using=xpath, value= //button[@class='IconLauncher__BaseLauncher-asxrs3-0 IconLauncher__CircleLauncher-asxrs3-2 bFybow reagan--widget-loaded undefined']}
	at java.base/jdk.internal.reflect.NativeConstructorAccessorImpl.newInstance0(Native Method)
	at java.base/jdk.internal.reflect.NativeConstructorAccessorImpl.newInstance(NativeConstructorAccessorImpl.java:78)
	at java.base/jdk.internal.reflect.DelegatingConstructorAccessorImpl.newInstance(DelegatingConstructorAccessorImpl.java:45)
	at java.base/java.lang.reflect.Constructor.newInstanceWithCaller(Constructor.java:499)
	at java.base/java.lang.reflect.Constructor.newInstance(Constructor.java:480)
	at org.openqa.selenium.remote.http.W3CHttpResponseCodec.createException(W3CHttpResponseCodec.java:187)
	at org.openqa.selenium.remote.http.W3CHttpResponseCodec.decode(W3CHttpResponseCodec.java:122)
	at org.openqa.selenium.remote.http.W3CHttpResponseCodec.decode(W3CHttpResponseCodec.java:49)
	at org.openqa.selenium.remote.HttpCommandExecutor.execute(HttpCommandExecutor.java:158)
	at org.openqa.selenium.remote.service.DriverCommandExecutor.execute(DriverCommandExecutor.java:83)
	at org.openqa.selenium.remote.RemoteWebDriver.execute(RemoteWebDriver.java:548)
	at org.openqa.selenium.remote.RemoteWebDriver.findElement(RemoteWebDriver.java:322)
	at org.openqa.selenium.remote.RemoteWebDriver.findElementByXPath(RemoteWebDriver.java:424)
	at org.openqa.selenium.By$ByXPath.findElement(By.java:353)
	at org.openqa.selenium.remote.RemoteWebDriver.findElement(RemoteWebDriver.java:314)
	at core.Element.makeWebElement(Element.java:71)
	at core.Driver.wait(Driver.java:65)
	at pages.BasePage.clicar(BasePage.java:30)
	at pages.FichaDeCadastroCurriculoPage.clicarSalvar(FichaDeCadastroCurriculoPage.java:117)
	at ?.Clicar em salvar e ir para a proxima etapa(features/talentos/CT03FichaDeCadastroCurriculo.feature:19)

Erro ao gerar documento de evidências do caso Realiza o cadastro no banco de talentos
]]></system-out>
    <system-err><![CDATA[SLF4J: Failed to load class "org.slf4j.impl.StaticLoggerBinder".
SLF4J: Defaulting to no-operation (NOP) logger implementation
SLF4J: See http://www.slf4j.org/codes.html#StaticLoggerBinder for further details.
Starting ChromeDriver 90.0.4430.24 (4c6d850f087da467d926e8eddb76550aed655991-refs/branch-heads/4430@{#429}) on port 17325
Only local connections are allowed.
Please see https://chromedriver.chromium.org/security-considerations for suggestions on keeping ChromeDriver safe.
ChromeDriver was started successfully.
mai. 09, 2021 9:27:45 PM org.openqa.selenium.remote.ProtocolHandshake createSession
INFO: Detected dialect: W3C
]]></system-err>
  </testcase>
</testsuite>